<?xml version="1.0" encoding="UTF-8" standalone="no"?>
<!DOCTYPE log SYSTEM "logger.dtd">
<log>
<record>
  <date>2014-11-22T23:16:15</date>
  <millis>1416726975753</millis>
  <sequence>0</sequence>
  <logger>lwjgl.pkg3d.LWJGL3D</logger>
  <level>SEVERE</level>
  <class>lwjgl.pkg3d.LWJGL3D</class>
  <method>main</method>
  <thread>1</thread>
  <message>java.lang.RuntimeException: No OpenGL context found in the current thread.</message>
  <exception>
    <message>java.lang.RuntimeException: No OpenGL context found in the current thread.</message>
    <frame>
      <class>org.lwjgl.opengl.GLContext</class>
      <method>getCapabilities</method>
      <line>124</line>
    </frame>
    <frame>
      <class>org.lwjgl.opengl.GL11</class>
      <method>glGetError</method>
      <line>1377</line>
    </frame>
    <frame>
      <class>org.newdawn.slick.opengl.renderer.ImmediateModeOGLRenderer</class>
      <method>glGetError</method>
      <line>384</line>
    </frame>
    <frame>
      <class>org.newdawn.slick.opengl.InternalTextureLoader</class>
      <method>getTexture</method>
      <line>249</line>
    </frame>
    <frame>
      <class>org.newdawn.slick.opengl.InternalTextureLoader</class>
      <method>getTexture</method>
      <line>200</line>
    </frame>
    <frame>
      <class>org.newdawn.slick.opengl.TextureLoader</class>
      <method>getTexture</method>
      <line>64</line>
    </frame>
    <frame>
      <class>org.newdawn.slick.opengl.TextureLoader</class>
      <method>getTexture</method>
      <line>24</line>
    </frame>
    <frame>
      <class>lwjgl.pkg3d.LWJGL3D</class>
      <method>loadTextureJPG</method>
      <line>379</line>
    </frame>
    <frame>
      <class>lwjgl.pkg3d.LWJGL3D</class>
      <method>&lt;init&gt;</method>
      <line>261</line>
    </frame>
    <frame>
      <class>lwjgl.pkg3d.LWJGL3D</class>
      <method>main</method>
      <line>272</line>
    </frame>
  </exception>
</record>
</log>
